app/build/intermediates/manifest_merge_blame_file/debug/manifest-merger-blame-debug-report.txt
1<?xml version="1.0" encoding="utf-8"?>
2<manifest xmlns:android="http://schemas.android.com/apk/res/android"
3    package="com.luciada.normotos"
4    android:versionCode="1"
5    android:versionName="1.0" >
6
7    <uses-sdk
8        android:minSdkVersion="21"
8-->src\main\AndroidManifest.xml
9        android:targetSdkVersion="32" />
9-->src\main\AndroidManifest.xml
10
11    <uses-permission android:name="android.permission.INTERNET" />
11-->[:bdvanceswitch] AndroidManifest.xml:9:5-67
11-->[:bdvanceswitch] AndroidManifest.xml:9:22-64
12    <uses-permission android:name="android.permission.ACCESS_NETWORK_STATE" />
12-->[:bdvanceswitch] AndroidManifest.xml:10:5-79
12-->[:bdvanceswitch] AndroidManifest.xml:10:22-76
13    <uses-permission android:name="android.permission.ACCESS_WIFI_STATE" /> <!-- Create a unique permission for your app and use it so only your app can receive your OneSignal messages. -->
13-->[:bdvanceswitch] AndroidManifest.xml:11:5-76
13-->[:bdvanceswitch] AndroidManifest.xml:11:22-73
14    <permission
14-->[com.onesignal:OneSignal:4.8.4] AndroidManifest.xml:7:5-9:47
15        android:name="com.luciada.normotos.permission.C2D_MESSAGE"
15-->[com.onesignal:OneSignal:4.8.4] AndroidManifest.xml:8:9-63
16        android:protectionLevel="signature" />
16-->[com.onesignal:OneSignal:4.8.4] AndroidManifest.xml:9:9-44
17
18    <uses-permission android:name="com.luciada.normotos.permission.C2D_MESSAGE" /> <!-- OneSignal SDK has runtime checks Android version. -->
18-->[com.onesignal:OneSignal:4.8.4] AndroidManifest.xml:11:5-79
18-->[com.onesignal:OneSignal:4.8.4] AndroidManifest.xml:11:22-76
19    <!-- <uses-sdk tools:overrideLibrary="android.support.customtabs"/> -->
20    <!-- Required runtime permission to display notifications on Android 13 -->
21    <uses-permission android:name="android.permission.POST_NOTIFICATIONS" /> <!-- c2dm RECEIVE are basic requirements for push messages through Google's FCM -->
21-->[com.onesignal:OneSignal:4.8.4] AndroidManifest.xml:16:5-77
21-->[com.onesignal:OneSignal:4.8.4] AndroidManifest.xml:16:22-74
22    <uses-permission android:name="com.google.android.c2dm.permission.RECEIVE" /> <!-- Required, makes sure notifications are delivered on time. -->
22-->[com.onesignal:OneSignal:4.8.4] AndroidManifest.xml:18:5-82
22-->[com.onesignal:OneSignal:4.8.4] AndroidManifest.xml:18:22-79
23    <uses-permission android:name="android.permission.WAKE_LOCK" />
23-->[com.onesignal:OneSignal:4.8.4] AndroidManifest.xml:19:5-68
23-->[com.onesignal:OneSignal:4.8.4] AndroidManifest.xml:19:22-65
24    <!--
25 Required so the device vibrates on receiving a push notification.
26         Vibration settings of the device still apply.
27    -->
28    <uses-permission android:name="android.permission.VIBRATE" />
28-->[com.onesignal:OneSignal:4.8.4] AndroidManifest.xml:24:5-66
28-->[com.onesignal:OneSignal:4.8.4] AndroidManifest.xml:24:22-63
29    <!--
30 Use to restore notifications the user hasn't interacted with.
31         They could be missed notifications if the user reboots their device if this isn't in place.
32    -->
33    <uses-permission android:name="android.permission.RECEIVE_BOOT_COMPLETED" /> <!-- START: ShortcutBadger -->
33-->[com.onesignal:OneSignal:4.8.4] AndroidManifest.xml:30:5-81
33-->[com.onesignal:OneSignal:4.8.4] AndroidManifest.xml:30:22-78
34    <!-- Samsung -->
35    <uses-permission android:name="com.sec.android.provider.badge.permission.READ" />
35-->[com.onesignal:OneSignal:4.8.4] AndroidManifest.xml:32:5-86
35-->[com.onesignal:OneSignal:4.8.4] AndroidManifest.xml:32:22-83
36    <uses-permission android:name="com.sec.android.provider.badge.permission.WRITE" /> <!-- HTC -->
36-->[com.onesignal:OneSignal:4.8.4] AndroidManifest.xml:33:5-87
36-->[com.onesignal:OneSignal:4.8.4] AndroidManifest.xml:33:22-84
37    <uses-permission android:name="com.htc.launcher.permission.READ_SETTINGS" />
37-->[com.onesignal:OneSignal:4.8.4] AndroidManifest.xml:34:5-81
37-->[com.onesignal:OneSignal:4.8.4] AndroidManifest.xml:34:22-78
38    <uses-permission android:name="com.htc.launcher.permission.UPDATE_SHORTCUT" /> <!-- Sony -->
38-->[com.onesignal:OneSignal:4.8.4] AndroidManifest.xml:35:5-83
38-->[com.onesignal:OneSignal:4.8.4] AndroidManifest.xml:35:22-80
39    <uses-permission android:name="com.sonyericsson.home.permission.BROADCAST_BADGE" />
39-->[com.onesignal:OneSignal:4.8.4] AndroidManifest.xml:36:5-88
39-->[com.onesignal:OneSignal:4.8.4] AndroidManifest.xml:36:22-85
40    <uses-permission android:name="com.sonymobile.home.permission.PROVIDER_INSERT_BADGE" /> <!-- Apex -->
40-->[com.onesignal:OneSignal:4.8.4] AndroidManifest.xml:37:5-92
40-->[com.onesignal:OneSignal:4.8.4] AndroidManifest.xml:37:22-89
41    <uses-permission android:name="com.anddoes.launcher.permission.UPDATE_COUNT" /> <!-- Solid -->
41-->[com.onesignal:OneSignal:4.8.4] AndroidManifest.xml:38:5-84
41-->[com.onesignal:OneSignal:4.8.4] AndroidManifest.xml:38:22-81
42    <uses-permission android:name="com.majeur.launcher.permission.UPDATE_BADGE" /> <!-- Huawei -->
42-->[com.onesignal:OneSignal:4.8.4] AndroidManifest.xml:39:5-83
42-->[com.onesignal:OneSignal:4.8.4] AndroidManifest.xml:39:22-80
43    <uses-permission android:name="com.huawei.android.launcher.permission.CHANGE_BADGE" />
43-->[com.onesignal:OneSignal:4.8.4] AndroidManifest.xml:40:5-91
43-->[com.onesignal:OneSignal:4.8.4] AndroidManifest.xml:40:22-88
44    <uses-permission android:name="com.huawei.android.launcher.permission.READ_SETTINGS" />
44-->[com.onesignal:OneSignal:4.8.4] AndroidManifest.xml:41:5-92
44-->[com.onesignal:OneSignal:4.8.4] AndroidManifest.xml:41:22-89
45    <uses-permission android:name="com.huawei.android.launcher.permission.WRITE_SETTINGS" /> <!-- ZUK -->
45-->[com.onesignal:OneSignal:4.8.4] AndroidManifest.xml:42:5-93
45-->[com.onesignal:OneSignal:4.8.4] AndroidManifest.xml:42:22-90
46    <uses-permission android:name="android.permission.READ_APP_BADGE" /> <!-- OPPO -->
46-->[com.onesignal:OneSignal:4.8.4] AndroidManifest.xml:43:5-73
46-->[com.onesignal:OneSignal:4.8.4] AndroidManifest.xml:43:22-70
47    <uses-permission android:name="com.oppo.launcher.permission.READ_SETTINGS" />
47-->[com.onesignal:OneSignal:4.8.4] AndroidManifest.xml:44:5-82
47-->[com.onesignal:OneSignal:4.8.4] AndroidManifest.xml:44:22-79
48    <uses-permission android:name="com.oppo.launcher.permission.WRITE_SETTINGS" /> <!-- EvMe -->
48-->[com.onesignal:OneSignal:4.8.4] AndroidManifest.xml:45:5-83
48-->[com.onesignal:OneSignal:4.8.4] AndroidManifest.xml:45:22-80
49    <uses-permission android:name="me.everything.badger.permission.BADGE_COUNT_READ" />
49-->[com.onesignal:OneSignal:4.8.4] AndroidManifest.xml:46:5-88
49-->[com.onesignal:OneSignal:4.8.4] AndroidManifest.xml:46:22-85
50    <uses-permission android:name="me.everything.badger.permission.BADGE_COUNT_WRITE" />
50-->[com.onesignal:OneSignal:4.8.4] AndroidManifest.xml:47:5-89
50-->[com.onesignal:OneSignal:4.8.4] AndroidManifest.xml:47:22-86
51
52    <queries>
52-->[com.facebook.android:audience-network-sdk:6.12.0] AndroidManifest.xml:11:5-13:15
53        <package android:name="com.facebook.katana" />
53-->[com.facebook.android:audience-network-sdk:6.12.0] AndroidManifest.xml:12:9-55
53-->[com.facebook.android:audience-network-sdk:6.12.0] AndroidManifest.xml:12:18-52
54        <!-- For browser content -->
55        <intent>
55-->[com.google.android.gms:play-services-ads-lite:21.2.0] AndroidManifest.xml:31:9-37:18
56            <action android:name="android.intent.action.VIEW" />
56-->[com.onesignal:OneSignal:4.8.4] AndroidManifest.xml:77:17-69
56-->[com.onesignal:OneSignal:4.8.4] AndroidManifest.xml:77:25-66
57
58            <category android:name="android.intent.category.BROWSABLE" />
58-->[com.google.android.gms:play-services-ads-lite:21.2.0] AndroidManifest.xml:34:13-74
58-->[com.google.android.gms:play-services-ads-lite:21.2.0] AndroidManifest.xml:34:23-71
59
60            <data android:scheme="https" />
60-->[com.google.android.gms:play-services-ads-lite:21.2.0] AndroidManifest.xml:36:13-44
60-->[com.google.android.gms:play-services-ads-lite:21.2.0] AndroidManifest.xml:36:19-41
61        </intent> <!-- End of browser content -->
62        <!-- For CustomTabsService -->
63        <intent>
63-->[com.google.android.gms:play-services-ads-lite:21.2.0] AndroidManifest.xml:40:9-42:18
64            <action android:name="android.support.customtabs.action.CustomTabsService" />
64-->[com.google.android.gms:play-services-ads-lite:21.2.0] AndroidManifest.xml:41:13-90
64-->[com.google.android.gms:play-services-ads-lite:21.2.0] AndroidManifest.xml:41:21-87
65        </intent>
66    </queries>
67
68    <uses-permission android:name="com.google.android.gms.permission.AD_ID" />
68-->[com.facebook.android:audience-network-sdk:6.12.0] AndroidManifest.xml:17:5-79
68-->[com.facebook.android:audience-network-sdk:6.12.0] AndroidManifest.xml:17:22-76
69    <uses-permission android:name="android.permission.FOREGROUND_SERVICE" />
69-->[androidx.work:work-runtime:2.7.0] AndroidManifest.xml:28:5-77
69-->[androidx.work:work-runtime:2.7.0] AndroidManifest.xml:28:22-74
70
71    <application
71-->src\main\AndroidManifest.xml:6:5-26:19
72        android:allowBackup="true"
72-->src\main\AndroidManifest.xml:7:9-35
73        android:appComponentFactory="androidx.core.app.CoreComponentFactory"
73-->[androidx.core:core:1.8.0] AndroidManifest.xml:24:18-86
74        android:dataExtractionRules="@xml/data_extraction_rules"
74-->src\main\AndroidManifest.xml:8:9-65
75        android:debuggable="true"
76        android:fullBackupContent="@xml/backup_rules"
76-->src\main\AndroidManifest.xml:9:9-54
77        android:icon="@drawable/logo"
77-->src\main\AndroidManifest.xml:10:9-38
78        android:label="@string/app_name"
78-->src\main\AndroidManifest.xml:11:9-41
79        android:roundIcon="@drawable/logo"
79-->src\main\AndroidManifest.xml:12:9-43
80        android:supportsRtl="true"
80-->src\main\AndroidManifest.xml:13:9-35
81        android:theme="@style/Theme.FinalProject" >
81-->src\main\AndroidManifest.xml:14:9-50
82        <activity
82-->src\main\AndroidManifest.xml:17:9-25:20
83            android:name="com.luciada.normotos.MActivity"
83-->src\main\AndroidManifest.xml:18:13-38
84            android:exported="true" >
84-->src\main\AndroidManifest.xml:19:13-36
85            <intent-filter>
85-->src\main\AndroidManifest.xml:20:13-24:29
86                <action android:name="android.intent.action.MAIN" />
86-->src\main\AndroidManifest.xml:21:17-69
86-->src\main\AndroidManifest.xml:21:25-66
87
88                <category android:name="android.intent.category.LAUNCHER" />
88-->src\main\AndroidManifest.xml:23:17-77
88-->src\main\AndroidManifest.xml:23:27-74
89            </intent-filter>
90        </activity>
91
92        <meta-data
92-->[:bdvanceswitch] AndroidManifest.xml:19:9-21:36
93            android:name="com.google.android.gms.ads.AD_MANAGER_APP"
93-->[:bdvanceswitch] AndroidManifest.xml:20:13-69
94            android:value="true" />
94-->[:bdvanceswitch] AndroidManifest.xml:21:13-33
95
96        <receiver
96-->[com.onesignal:OneSignal:4.8.4] AndroidManifest.xml:50:9-61:20
97            android:name="com.onesignal.FCMBroadcastReceiver"
97-->[com.onesignal:OneSignal:4.8.4] AndroidManifest.xml:51:13-62
98            android:exported="true"
98-->[com.onesignal:OneSignal:4.8.4] AndroidManifest.xml:52:13-36
99            android:permission="com.google.android.c2dm.permission.SEND" >
99-->[com.onesignal:OneSignal:4.8.4] AndroidManifest.xml:53:13-73
100
101            <!-- High priority so OneSignal payloads can be filtered from other FCM receivers -->
102            <intent-filter android:priority="999" >
102-->[com.onesignal:OneSignal:4.8.4] AndroidManifest.xml:56:13-60:29
102-->[com.onesignal:OneSignal:4.8.4] AndroidManifest.xml:56:28-50
103                <action android:name="com.google.android.c2dm.intent.RECEIVE" />
103-->[com.onesignal:OneSignal:4.8.4] AndroidManifest.xml:57:17-81
103-->[com.onesignal:OneSignal:4.8.4] AndroidManifest.xml:57:25-78
104
105                <category android:name="com.luciada.normotos" />
105-->[com.onesignal:OneSignal:4.8.4] AndroidManifest.xml:59:17-61
105-->[com.onesignal:OneSignal:4.8.4] AndroidManifest.xml:59:27-58
106            </intent-filter>
107        </receiver>
108
109        <service
109-->[com.onesignal:OneSignal:4.8.4] AndroidManifest.xml:63:9-69:19
110            android:name="com.onesignal.HmsMessageServiceOneSignal"
110-->[com.onesignal:OneSignal:4.8.4] AndroidManifest.xml:64:13-68
111            android:exported="false" >
111-->[com.onesignal:OneSignal:4.8.4] AndroidManifest.xml:65:13-37
112            <intent-filter>
112-->[com.onesignal:OneSignal:4.8.4] AndroidManifest.xml:66:13-68:29
113                <action android:name="com.huawei.push.action.MESSAGING_EVENT" />
113-->[com.onesignal:OneSignal:4.8.4] AndroidManifest.xml:67:17-81
113-->[com.onesignal:OneSignal:4.8.4] AndroidManifest.xml:67:25-78
114            </intent-filter>
115        </service>
116
117        <activity
117-->[com.onesignal:OneSignal:4.8.4] AndroidManifest.xml:71:9-79:20
118            android:name="com.onesignal.NotificationOpenedActivityHMS"
118-->[com.onesignal:OneSignal:4.8.4] AndroidManifest.xml:72:13-71
119            android:exported="true"
119-->[com.onesignal:OneSignal:4.8.4] AndroidManifest.xml:73:13-36
120            android:noHistory="true"
120-->[com.onesignal:OneSignal:4.8.4] AndroidManifest.xml:74:13-37
121            android:theme="@android:style/Theme.Translucent.NoTitleBar" >
121-->[com.onesignal:OneSignal:4.8.4] AndroidManifest.xml:75:13-72
122            <intent-filter>
122-->[com.onesignal:OneSignal:4.8.4] AndroidManifest.xml:76:13-78:29
123                <action android:name="android.intent.action.VIEW" />
123-->[com.onesignal:OneSignal:4.8.4] AndroidManifest.xml:77:17-69
123-->[com.onesignal:OneSignal:4.8.4] AndroidManifest.xml:77:25-66
124            </intent-filter>
125        </activity>
126
127        <service
127-->[com.onesignal:OneSignal:4.8.4] AndroidManifest.xml:81:9-83:40
128            android:name="com.onesignal.FCMIntentService"
128-->[com.onesignal:OneSignal:4.8.4] AndroidManifest.xml:82:13-58
129            android:exported="false" />
129-->[com.onesignal:OneSignal:4.8.4] AndroidManifest.xml:83:13-37
130        <service
130-->[com.onesignal:OneSignal:4.8.4] AndroidManifest.xml:84:9-87:72
131            android:name="com.onesignal.FCMIntentJobService"
131-->[com.onesignal:OneSignal:4.8.4] AndroidManifest.xml:85:13-61
132            android:exported="false"
132-->[com.onesignal:OneSignal:4.8.4] AndroidManifest.xml:86:13-37
133            android:permission="android.permission.BIND_JOB_SERVICE" />
133-->[com.onesignal:OneSignal:4.8.4] AndroidManifest.xml:87:13-69
134        <service
134-->[com.onesignal:OneSignal:4.8.4] AndroidManifest.xml:88:9-91:43
135            android:name="com.onesignal.SyncService"
135-->[com.onesignal:OneSignal:4.8.4] AndroidManifest.xml:89:13-53
136            android:exported="false"
136-->[com.onesignal:OneSignal:4.8.4] AndroidManifest.xml:90:13-37
137            android:stopWithTask="true" />
137-->[com.onesignal:OneSignal:4.8.4] AndroidManifest.xml:91:13-40
138        <service
138-->[com.onesignal:OneSignal:4.8.4] AndroidManifest.xml:92:9-95:72
139            android:name="com.onesignal.SyncJobService"
139-->[com.onesignal:OneSignal:4.8.4] AndroidManifest.xml:93:13-56
140            android:exported="false"
140-->[com.onesignal:OneSignal:4.8.4] AndroidManifest.xml:94:13-37
141            android:permission="android.permission.BIND_JOB_SERVICE" />
141-->[com.onesignal:OneSignal:4.8.4] AndroidManifest.xml:95:13-69
142
143        <activity
143-->[com.onesignal:OneSignal:4.8.4] AndroidManifest.xml:97:9-100:75
144            android:name="com.onesignal.PermissionsActivity"
144-->[com.onesignal:OneSignal:4.8.4] AndroidManifest.xml:98:13-61
145            android:exported="false"
145-->[com.onesignal:OneSignal:4.8.4] AndroidManifest.xml:99:13-37
146            android:theme="@android:style/Theme.Translucent.NoTitleBar" />
146-->[com.onesignal:OneSignal:4.8.4] AndroidManifest.xml:100:13-72
147
148        <receiver
148-->[com.onesignal:OneSignal:4.8.4] AndroidManifest.xml:102:9-104:39
149            android:name="com.onesignal.NotificationDismissReceiver"
149-->[com.onesignal:OneSignal:4.8.4] AndroidManifest.xml:103:13-69
150            android:exported="true" />
150-->[com.onesignal:OneSignal:4.8.4] AndroidManifest.xml:104:13-36
151        <receiver
151-->[com.onesignal:OneSignal:4.8.4] AndroidManifest.xml:105:9-112:20
152            android:name="com.onesignal.BootUpReceiver"
152-->[com.onesignal:OneSignal:4.8.4] AndroidManifest.xml:106:13-56
153            android:exported="true" >
153-->[com.onesignal:OneSignal:4.8.4] AndroidManifest.xml:107:13-36
154            <intent-filter>
154-->[com.onesignal:OneSignal:4.8.4] AndroidManifest.xml:108:13-111:29
155                <action android:name="android.intent.action.BOOT_COMPLETED" />
155-->[com.onesignal:OneSignal:4.8.4] AndroidManifest.xml:109:17-79
155-->[com.onesignal:OneSignal:4.8.4] AndroidManifest.xml:109:25-76
156                <action android:name="android.intent.action.QUICKBOOT_POWERON" />
156-->[com.onesignal:OneSignal:4.8.4] AndroidManifest.xml:110:17-82
156-->[com.onesignal:OneSignal:4.8.4] AndroidManifest.xml:110:25-79
157            </intent-filter>
158        </receiver>
159        <receiver
159-->[com.onesignal:OneSignal:4.8.4] AndroidManifest.xml:113:9-119:20
160            android:name="com.onesignal.UpgradeReceiver"
160-->[com.onesignal:OneSignal:4.8.4] AndroidManifest.xml:114:13-57
161            android:exported="true" >
161-->[com.onesignal:OneSignal:4.8.4] AndroidManifest.xml:115:13-36
162            <intent-filter>
162-->[com.onesignal:OneSignal:4.8.4] AndroidManifest.xml:116:13-118:29
163                <action android:name="android.intent.action.MY_PACKAGE_REPLACED" />
163-->[com.onesignal:OneSignal:4.8.4] AndroidManifest.xml:117:17-84
163-->[com.onesignal:OneSignal:4.8.4] AndroidManifest.xml:117:25-81
164            </intent-filter>
165        </receiver>
166
167        <activity
167-->[com.onesignal:OneSignal:4.8.4] AndroidManifest.xml:121:9-127:75
168            android:name="com.onesignal.NotificationOpenedReceiver"
168-->[com.onesignal:OneSignal:4.8.4] AndroidManifest.xml:122:13-68
169            android:excludeFromRecents="true"
169-->[com.onesignal:OneSignal:4.8.4] AndroidManifest.xml:123:13-46
170            android:exported="true"
170-->[com.onesignal:OneSignal:4.8.4] AndroidManifest.xml:124:13-36
171            android:noHistory="true"
171-->[com.onesignal:OneSignal:4.8.4] AndroidManifest.xml:125:13-37
172            android:taskAffinity=""
172-->[com.onesignal:OneSignal:4.8.4] AndroidManifest.xml:126:13-36
173            android:theme="@android:style/Theme.Translucent.NoTitleBar" />
173-->[com.onesignal:OneSignal:4.8.4] AndroidManifest.xml:127:13-72
174        <activity
174-->[com.onesignal:OneSignal:4.8.4] AndroidManifest.xml:128:9-133:75
175            android:name="com.onesignal.NotificationOpenedReceiverAndroid22AndOlder"
175-->[com.onesignal:OneSignal:4.8.4] AndroidManifest.xml:129:13-85
176            android:excludeFromRecents="true"
176-->[com.onesignal:OneSignal:4.8.4] AndroidManifest.xml:130:13-46
177            android:exported="true"
177-->[com.onesignal:OneSignal:4.8.4] AndroidManifest.xml:131:13-36
178            android:noHistory="true"
178-->[com.onesignal:OneSignal:4.8.4] AndroidManifest.xml:132:13-37
179            android:theme="@android:style/Theme.Translucent.NoTitleBar" />
179-->[com.onesignal:OneSignal:4.8.4] AndroidManifest.xml:133:13-72
180        <activity
180-->[com.facebook.android:audience-network-sdk:6.12.0] AndroidManifest.xml:20:9-24:75
181            android:name="com.facebook.ads.AudienceNetworkActivity"
181-->[com.facebook.android:audience-network-sdk:6.12.0] AndroidManifest.xml:21:13-68
182            android:configChanges="keyboardHidden|orientation|screenSize"
182-->[com.facebook.android:audience-network-sdk:6.12.0] AndroidManifest.xml:22:13-74
183            android:exported="false"
183-->[com.facebook.android:audience-network-sdk:6.12.0] AndroidManifest.xml:23:13-37
184            android:theme="@android:style/Theme.Translucent.NoTitleBar" />
184-->[com.facebook.android:audience-network-sdk:6.12.0] AndroidManifest.xml:24:13-72
185
186        <provider
186-->[com.facebook.android:audience-network-sdk:6.12.0] AndroidManifest.xml:26:9-29:40
187            android:name="com.facebook.ads.AudienceNetworkContentProvider"
187-->[com.facebook.android:audience-network-sdk:6.12.0] AndroidManifest.xml:27:13-75
188            android:authorities="com.luciada.normotos.AudienceNetworkContentProvider"
188-->[com.facebook.android:audience-network-sdk:6.12.0] AndroidManifest.xml:28:13-82
189            android:exported="false" />
189-->[com.facebook.android:audience-network-sdk:6.12.0] AndroidManifest.xml:29:13-37
190
191        <receiver
191-->[com.google.firebase:firebase-messaging:22.0.0] AndroidManifest.xml:28:9-35:20
192            android:name="com.google.firebase.iid.FirebaseInstanceIdReceiver"
192-->[com.google.firebase:firebase-messaging:22.0.0] AndroidManifest.xml:29:13-78
193            android:exported="true"
193-->[com.google.firebase:firebase-messaging:22.0.0] AndroidManifest.xml:30:13-36
194            android:permission="com.google.android.c2dm.permission.SEND" >
194-->[com.google.firebase:firebase-messaging:22.0.0] AndroidManifest.xml:31:13-73
195            <intent-filter>
195-->[com.google.firebase:firebase-messaging:22.0.0] AndroidManifest.xml:32:13-34:29
196                <action android:name="com.google.android.c2dm.intent.RECEIVE" />
196-->[com.onesignal:OneSignal:4.8.4] AndroidManifest.xml:57:17-81
196-->[com.onesignal:OneSignal:4.8.4] AndroidManifest.xml:57:25-78
197            </intent-filter>
198        </receiver>
199        <!--
200             FirebaseMessagingService performs security checks at runtime,
201             but set to not exported to explicitly avoid allowing another app to call it.
202        -->
203        <service
203-->[com.google.firebase:firebase-messaging:22.0.0] AndroidManifest.xml:41:9-48:19
204            android:name="com.google.firebase.messaging.FirebaseMessagingService"
204-->[com.google.firebase:firebase-messaging:22.0.0] AndroidManifest.xml:42:13-82
205            android:directBootAware="true"
205-->[com.google.firebase:firebase-messaging:22.0.0] AndroidManifest.xml:43:13-43
206            android:exported="false" >
206-->[com.google.firebase:firebase-messaging:22.0.0] AndroidManifest.xml:44:13-37
207            <intent-filter android:priority="-500" >
207-->[com.google.firebase:firebase-messaging:22.0.0] AndroidManifest.xml:45:13-47:29
207-->[com.google.firebase:firebase-messaging:22.0.0] AndroidManifest.xml:45:28-51
208                <action android:name="com.google.firebase.MESSAGING_EVENT" />
208-->[com.google.firebase:firebase-messaging:22.0.0] AndroidManifest.xml:46:17-78
208-->[com.google.firebase:firebase-messaging:22.0.0] AndroidManifest.xml:46:25-75
209            </intent-filter>
210        </service>
211        <service
211-->[com.google.firebase:firebase-messaging:22.0.0] AndroidManifest.xml:49:9-55:19
212            android:name="com.google.firebase.components.ComponentDiscoveryService"
212-->[com.google.firebase:firebase-messaging:22.0.0] AndroidManifest.xml:50:13-84
213            android:directBootAware="true"
213-->[com.google.firebase:firebase-common:20.0.0] AndroidManifest.xml:35:13-43
214            android:exported="false" >
214-->[com.google.firebase:firebase-messaging:22.0.0] AndroidManifest.xml:51:13-37
215            <meta-data
215-->[com.google.firebase:firebase-messaging:22.0.0] AndroidManifest.xml:52:13-54:85
216                android:name="com.google.firebase.components:com.google.firebase.messaging.FirebaseMessagingRegistrar"
216-->[com.google.firebase:firebase-messaging:22.0.0] AndroidManifest.xml:53:17-119
217                android:value="com.google.firebase.components.ComponentRegistrar" />
217-->[com.google.firebase:firebase-messaging:22.0.0] AndroidManifest.xml:54:17-82
218            <meta-data
218-->[com.google.firebase:firebase-datatransport:18.0.0] AndroidManifest.xml:28:13-30:85
219                android:name="com.google.firebase.components:com.google.firebase.datatransport.TransportRegistrar"
219-->[com.google.firebase:firebase-datatransport:18.0.0] AndroidManifest.xml:29:17-115
220                android:value="com.google.firebase.components.ComponentRegistrar" />
220-->[com.google.firebase:firebase-datatransport:18.0.0] AndroidManifest.xml:30:17-82
221            <meta-data
221-->[com.google.firebase:firebase-installations:17.0.0] AndroidManifest.xml:18:13-20:85
222                android:name="com.google.firebase.components:com.google.firebase.installations.FirebaseInstallationsRegistrar"
222-->[com.google.firebase:firebase-installations:17.0.0] AndroidManifest.xml:19:17-127
223                android:value="com.google.firebase.components.ComponentRegistrar" />
223-->[com.google.firebase:firebase-installations:17.0.0] AndroidManifest.xml:20:17-82
224        </service> <!-- Include the AdActivity and InAppPurchaseActivity configChanges and themes. -->
225        <activity
225-->[com.google.android.gms:play-services-ads-lite:21.2.0] AndroidManifest.xml:49:9-53:64
226            android:name="com.google.android.gms.ads.AdActivity"
226-->[com.google.android.gms:play-services-ads-lite:21.2.0] AndroidManifest.xml:50:13-65
227            android:configChanges="keyboard|keyboardHidden|orientation|screenLayout|uiMode|screenSize|smallestScreenSize"
227-->[com.google.android.gms:play-services-ads-lite:21.2.0] AndroidManifest.xml:51:13-122
228            android:exported="false"
228-->[com.google.android.gms:play-services-ads-lite:21.2.0] AndroidManifest.xml:52:13-37
229            android:theme="@android:style/Theme.Translucent" />
229-->[com.google.android.gms:play-services-ads-lite:21.2.0] AndroidManifest.xml:53:13-61
230
231        <provider
231-->[com.google.android.gms:play-services-ads-lite:21.2.0] AndroidManifest.xml:55:9-59:39
232            android:name="com.google.android.gms.ads.MobileAdsInitProvider"
232-->[com.google.android.gms:play-services-ads-lite:21.2.0] AndroidManifest.xml:56:13-76
233            android:authorities="com.luciada.normotos.mobileadsinitprovider"
233-->[com.google.android.gms:play-services-ads-lite:21.2.0] AndroidManifest.xml:57:13-73
234            android:exported="false"
234-->[com.google.android.gms:play-services-ads-lite:21.2.0] AndroidManifest.xml:58:13-37
235            android:initOrder="100" />
235-->[com.google.android.gms:play-services-ads-lite:21.2.0] AndroidManifest.xml:59:13-36
236
237        <service
237-->[com.google.android.gms:play-services-ads-lite:21.2.0] AndroidManifest.xml:61:9-64:40
238            android:name="com.google.android.gms.ads.AdService"
238-->[com.google.android.gms:play-services-ads-lite:21.2.0] AndroidManifest.xml:62:13-64
239            android:enabled="true"
239-->[com.google.android.gms:play-services-ads-lite:21.2.0] AndroidManifest.xml:63:13-35
240            android:exported="false" />
240-->[com.google.android.gms:play-services-ads-lite:21.2.0] AndroidManifest.xml:64:13-37
241
242        <provider
242-->[com.google.firebase:firebase-common:20.0.0] AndroidManifest.xml:26:9-31:39
243            android:name="com.google.firebase.provider.FirebaseInitProvider"
243-->[com.google.firebase:firebase-common:20.0.0] AndroidManifest.xml:27:13-77
244            android:authorities="com.luciada.normotos.firebaseinitprovider"
244-->[com.google.firebase:firebase-common:20.0.0] AndroidManifest.xml:28:13-72
245            android:directBootAware="true"
245-->[com.google.firebase:firebase-common:20.0.0] AndroidManifest.xml:29:13-43
246            android:exported="false"
246-->[com.google.firebase:firebase-common:20.0.0] AndroidManifest.xml:30:13-37
247            android:initOrder="100" />
247-->[com.google.firebase:firebase-common:20.0.0] AndroidManifest.xml:31:13-36
248
249        <activity
249-->[com.google.android.gms:play-services-base:18.0.0] AndroidManifest.xml:20:9-22:45
250            android:name="com.google.android.gms.common.api.GoogleApiActivity"
250-->[com.google.android.gms:play-services-base:18.0.0] AndroidManifest.xml:20:19-85
251            android:exported="false"
251-->[com.google.android.gms:play-services-base:18.0.0] AndroidManifest.xml:22:19-43
252            android:theme="@android:style/Theme.Translucent.NoTitleBar" />
252-->[com.google.android.gms:play-services-base:18.0.0] AndroidManifest.xml:21:19-78
253
254        <meta-data
254-->[com.google.android.gms:play-services-basement:18.0.0] AndroidManifest.xml:21:9-23:69
255            android:name="com.google.android.gms.version"
255-->[com.google.android.gms:play-services-basement:18.0.0] AndroidManifest.xml:22:13-58
256            android:value="@integer/google_play_services_version" />
256-->[com.google.android.gms:play-services-basement:18.0.0] AndroidManifest.xml:23:13-66
257
258        <provider
258-->[androidx.emoji2:emoji2:1.2.0] AndroidManifest.xml:24:9-32:20
259            android:name="androidx.startup.InitializationProvider"
259-->[androidx.emoji2:emoji2:1.2.0] AndroidManifest.xml:25:13-67
260            android:authorities="com.luciada.normotos.androidx-startup"
260-->[androidx.emoji2:emoji2:1.2.0] AndroidManifest.xml:26:13-68
261            android:exported="false" >
261-->[androidx.emoji2:emoji2:1.2.0] AndroidManifest.xml:27:13-37
262            <meta-data
262-->[androidx.emoji2:emoji2:1.2.0] AndroidManifest.xml:29:13-31:52
263                android:name="androidx.emoji2.text.EmojiCompatInitializer"
263-->[androidx.emoji2:emoji2:1.2.0] AndroidManifest.xml:30:17-75
264                android:value="androidx.startup" />
264-->[androidx.emoji2:emoji2:1.2.0] AndroidManifest.xml:31:17-49
265            <meta-data